<?xml version="1.0" encoding="UTF-8"?>
<testng-results ignored="0" total="2" passed="2" failed="0" skipped="0">
  <reporter-output>
  </reporter-output>
  <suite started-at="2019-07-24T10:46:17Z" name="Default suite" finished-at="2019-07-24T10:46:34Z" duration-ms="16938">
    <groups>
    </groups>
    <test started-at="2019-07-24T10:46:17Z" name="Default test" finished-at="2019-07-24T10:46:34Z" duration-ms="16938">
      <class name="seleniumdemo.SeleniumTest">
        <test-method is-config="true" signature="setUpDriver()[pri:0, instance:seleniumdemo.SeleniumTest@4387b79e]" started-at="2019-07-24T10:46:17Z" name="setUpDriver" finished-at="2019-07-24T10:46:23Z" duration-ms="5707" status="PASS">
          <reporter-output>
          </reporter-output>
        </test-method> <!-- setUpDriver -->
        <test-method signature="test1()[pri:0, instance:seleniumdemo.SeleniumTest@4387b79e]" started-at="2019-07-24T10:46:23Z" name="test1" finished-at="2019-07-24T10:46:34Z" duration-ms="11030" status="PASS">
          <reporter-output>
          </reporter-output>
        </test-method> <!-- test1 -->
        <test-method signature="test2()[pri:0, instance:seleniumdemo.SeleniumTest@4387b79e]" started-at="2019-07-24T10:46:34Z" name="test2" finished-at="2019-07-24T10:46:34Z" duration-ms="7" status="PASS">
          <reporter-output>
          </reporter-output>
        </test-method> <!-- test2 -->
      </class> <!-- seleniumdemo.SeleniumTest -->
    </test> <!-- Default test -->
  </suite> <!-- Default suite -->
</testng-results>
