<?xml version="1.0" encoding="UTF-8"?>
<testng-results ignored="0" total="2" passed="2" failed="0" skipped="0">
  <reporter-output>
  </reporter-output>
  <suite started-at="2019-07-24T11:11:11Z" name="Default suite" finished-at="2019-07-24T11:13:48Z" duration-ms="156750">
    <groups>
    </groups>
    <test started-at="2019-07-24T11:11:11Z" name="Default test" finished-at="2019-07-24T11:13:48Z" duration-ms="156750">
      <class name="seleniumdemo.SeleniumTest">
        <test-method is-config="true" signature="setUpDriver()[pri:0, instance:seleniumdemo.SeleniumTest@4387b79e]" started-at="2019-07-24T11:11:11Z" name="setUpDriver" finished-at="2019-07-24T11:11:15Z" duration-ms="4111" status="PASS">
          <reporter-output>
          </reporter-output>
        </test-method> <!-- setUpDriver -->
        <test-method signature="test1()[pri:0, instance:seleniumdemo.SeleniumTest@4387b79e]" started-at="2019-07-24T11:11:15Z" name="test1" finished-at="2019-07-24T11:13:48Z" duration-ms="152581" status="PASS">
          <reporter-output>
          </reporter-output>
        </test-method> <!-- test1 -->
        <test-method signature="test2()[pri:0, instance:seleniumdemo.SeleniumTest@4387b79e]" started-at="2019-07-24T11:13:48Z" name="test2" finished-at="2019-07-24T11:13:48Z" duration-ms="2" status="PASS">
          <reporter-output>
          </reporter-output>
        </test-method> <!-- test2 -->
      </class> <!-- seleniumdemo.SeleniumTest -->
    </test> <!-- Default test -->
  </suite> <!-- Default suite -->
</testng-results>
